<?xml version="1.0" encoding="UTF-8"?>
<testng-results skipped="0" failed="0" ignored="0" total="1" passed="1">
  <reporter-output>
  </reporter-output>
  <suite name="Default suite" duration-ms="34007" started-at="2018-08-12T11:56:09Z" finished-at="2018-08-12T11:56:43Z">
    <groups>
    </groups>
    <test name="Default test" duration-ms="34007" started-at="2018-08-12T11:56:09Z" finished-at="2018-08-12T11:56:43Z">
      <class name="com.bluesky.test.smoke.SimpleUnitTest">
        <test-method status="PASS" signature="preCondition()[pri:0, instance:com.bluesky.test.smoke.SimpleUnitTest@1d057a39]" name="preCondition" is-config="true" duration-ms="33195" started-at="2018-08-12T11:56:09Z" finished-at="2018-08-12T11:56:42Z">
          <reporter-output>
          </reporter-output>
        </test-method> <!-- preCondition -->
        <test-method status="PASS" signature="testApp()[pri:0, instance:com.bluesky.test.smoke.SimpleUnitTest@1d057a39]" name="testApp" duration-ms="607" started-at="2018-08-12T11:56:42Z" finished-at="2018-08-12T11:56:43Z">
          <reporter-output>
          </reporter-output>
        </test-method> <!-- testApp -->
        <test-method status="PASS" signature="postCondition()[pri:0, instance:com.bluesky.test.smoke.SimpleUnitTest@1d057a39]" name="postCondition" is-config="true" duration-ms="166" started-at="2018-08-12T11:56:43Z" finished-at="2018-08-12T11:56:43Z">
          <reporter-output>
          </reporter-output>
        </test-method> <!-- postCondition -->
      </class> <!-- com.bluesky.test.smoke.SimpleUnitTest -->
    </test> <!-- Default test -->
  </suite> <!-- Default suite -->
</testng-results>
